-------------------------------------------------------------------------------
Test set: com.capstone.app.AppTest
-------------------------------------------------------------------------------
Tests run: 1, Failures: 1, Errors: 0, Skipped: 0, Time elapsed: 0.081 s <<< FAILURE! - in com.capstone.app.AppTest
testAdd(com.capstone.app.AppTest)  Time elapsed: 0.012 s  <<< FAILURE!
junit.framework.AssertionFailedError
	at com.capstone.app.AppTest.testAdd(AppTest.java:17)

